SillyPoint/build/outputs/logs/manifest-merger-debug-report.txt
-- Merging decision tree log ---
manifest
ADDED from src\main\AndroidManifest.xml:2:1-51:12
	package
		ADDED from src\main\AndroidManifest.xml:3:5-44
		INJECTED from src\main\AndroidManifest.xml
		INJECTED from src\main\AndroidManifest.xml
	android:versionName
		INJECTED from src\main\AndroidManifest.xml
		INJECTED from src\main\AndroidManifest.xml
	xmlns:android
		ADDED from src\main\AndroidManifest.xml:2:11-69
	android:versionCode
		INJECTED from src\main\AndroidManifest.xml
		INJECTED from src\main\AndroidManifest.xml
uses-permission#android.permission.GET_ACCOUNTS
ADDED from src\main\AndroidManifest.xml:6:5-71
	android:name
		ADDED from src\main\AndroidManifest.xml:6:22-68
uses-permission#android.permission.READ_PROFILE
ADDED from src\main\AndroidManifest.xml:7:5-71
	android:name
		ADDED from src\main\AndroidManifest.xml:7:22-68
uses-permission#android.permission.READ_CONTACTS
ADDED from src\main\AndroidManifest.xml:8:5-72
	android:name
		ADDED from src\main\AndroidManifest.xml:8:22-69
uses-permission#android.permission.WRITE_EXTERNAL_STORAGE
ADDED from src\main\AndroidManifest.xml:9:5-81
	android:name
		ADDED from src\main\AndroidManifest.xml:9:22-78
uses-permission#android.permission.INTERNET
ADDED from src\main\AndroidManifest.xml:10:5-67
	android:name
		ADDED from src\main\AndroidManifest.xml:10:22-64
uses-permission#android.permission.ACCESS_NETWORK_STATE
ADDED from src\main\AndroidManifest.xml:11:5-79
	android:name
		ADDED from src\main\AndroidManifest.xml:11:22-76
application
ADDED from src\main\AndroidManifest.xml:13:5-49:19
MERGED from [com.android.support:design:23.4.0] AndroidManifest.xml:22:5-20
MERGED from [com.android.support:appcompat-v7:23.4.0] AndroidManifest.xml:25:5-20
MERGED from [com.android.support:animated-vector-drawable:23.4.0] AndroidManifest.xml:7:5-20
MERGED from [com.android.support:support-vector-drawable:23.4.0] AndroidManifest.xml:7:5-20
MERGED from [com.android.support:support-v4:23.4.0] AndroidManifest.xml:22:5-20
MERGED from [com.android.support:cardview-v7:23.3.0] AndroidManifest.xml:22:5-20
	android:label
		ADDED from src\main\AndroidManifest.xml:16:9-41
	android:supportsRtl
		ADDED from src\main\AndroidManifest.xml:18:9-35
	android:icon
		ADDED from src\main\AndroidManifest.xml:15:9-35
	android:banner
		ADDED from src\main\AndroidManifest.xml:14:9-39
	android:theme
		ADDED from src\main\AndroidManifest.xml:19:9-40
	android:logo
		ADDED from src\main\AndroidManifest.xml:17:9-37
activity#com.example.emad.splashscreen.SplashScreen
ADDED from src\main\AndroidManifest.xml:20:9-26:20
	android:name
		ADDED from src\main\AndroidManifest.xml:20:19-47
intent-filter#android.intent.action.MAIN+android.intent.category.LAUNCHER
ADDED from src\main\AndroidManifest.xml:21:13-25:29
	android:label
		ADDED from src\main\AndroidManifest.xml:21:28-45
action#android.intent.action.MAIN
ADDED from src\main\AndroidManifest.xml:22:17-69
	android:name
		ADDED from src\main\AndroidManifest.xml:22:25-66
category#android.intent.category.LAUNCHER
ADDED from src\main\AndroidManifest.xml:24:17-77
	android:name
		ADDED from src\main\AndroidManifest.xml:24:27-74
activity#com.example.emad.splashscreen.MainActivity
ADDED from src\main\AndroidManifest.xml:27:9-29:44
	android:label
		ADDED from src\main\AndroidManifest.xml:29:13-41
	android:name
		ADDED from src\main\AndroidManifest.xml:28:13-41
activity#com.example.emad.splashscreen.WelcomeMenu
ADDED from src\main\AndroidManifest.xml:30:9-33:59
	android:label
		ADDED from src\main\AndroidManifest.xml:32:13-64
	android:theme
		ADDED from src\main\AndroidManifest.xml:33:13-56
	android:name
		ADDED from src\main\AndroidManifest.xml:31:13-40
activity#com.example.emad.splashscreen.SignupActivity
ADDED from src\main\AndroidManifest.xml:34:9-52
	android:name
		ADDED from src\main\AndroidManifest.xml:34:19-49
activity#com.example.emad.splashscreen.Team
ADDED from src\main\AndroidManifest.xml:35:9-42
	android:name
		ADDED from src\main\AndroidManifest.xml:35:19-39
activity#com.example.emad.splashscreen.MyFormation
ADDED from src\main\AndroidManifest.xml:36:9-49
	android:name
		ADDED from src\main\AndroidManifest.xml:36:19-46
activity#com.example.emad.splashscreen.TeamPlayers
ADDED from src\main\AndroidManifest.xml:37:9-49
	android:name
		ADDED from src\main\AndroidManifest.xml:37:19-46
activity#com.example.emad.splashscreen.SelectTeam
ADDED from src\main\AndroidManifest.xml:38:9-48
	android:name
		ADDED from src\main\AndroidManifest.xml:38:19-45
activity#com.example.emad.splashscreen.DisplayTeam
ADDED from src\main\AndroidManifest.xml:39:9-49
	android:name
		ADDED from src\main\AndroidManifest.xml:39:19-46
activity#com.example.emad.splashscreen.ViewTeam_score
ADDED from src\main\AndroidManifest.xml:40:9-52
	android:name
		ADDED from src\main\AndroidManifest.xml:40:19-49
activity#com.example.emad.splashscreen.modify_team
ADDED from src\main\AndroidManifest.xml:41:9-49
	android:name
		ADDED from src\main\AndroidManifest.xml:41:19-46
activity#com.example.emad.splashscreen.list_box
ADDED from src\main\AndroidManifest.xml:42:9-46
	android:name
		ADDED from src\main\AndroidManifest.xml:42:19-43
activity#com.example.emad.splashscreen.SplashLoading
ADDED from src\main\AndroidManifest.xml:43:9-51
	android:name
		ADDED from src\main\AndroidManifest.xml:43:19-48
activity#com.example.emad.splashscreen.playerAdapter
ADDED from src\main\AndroidManifest.xml:44:9-51
	android:name
		ADDED from src\main\AndroidManifest.xml:44:19-48
activity#com.example.emad.splashscreen.AI_calculate
ADDED from src\main\AndroidManifest.xml:45:9-50
	android:name
		ADDED from src\main\AndroidManifest.xml:45:19-47
activity#com.example.emad.splashscreen.AI_or_selectTeam
ADDED from src\main\AndroidManifest.xml:46:9-54
	android:name
		ADDED from src\main\AndroidManifest.xml:46:19-51
activity#com.example.emad.splashscreen.Created_Team
ADDED from src\main\AndroidManifest.xml:47:9-48:20
	android:name
		ADDED from src\main\AndroidManifest.xml:47:19-47
uses-sdk
INJECTED from src\main\AndroidManifest.xml reason: use-sdk injection requested
MERGED from [com.jakewharton:butterknife:8.0.1] AndroidManifest.xml:5:5-43
MERGED from [com.android.support:design:23.4.0] AndroidManifest.xml:20:5-43
MERGED from [com.android.support:appcompat-v7:23.4.0] AndroidManifest.xml:21:5-23:78
MERGED from [com.android.support:animated-vector-drawable:23.4.0] AndroidManifest.xml:5:5-44
MERGED from [com.android.support:support-vector-drawable:23.4.0] AndroidManifest.xml:5:5-43
MERGED from [com.android.support:recyclerview-v7:23.4.0] AndroidManifest.xml:20:5-43
MERGED from [com.android.support:support-v4:23.4.0] AndroidManifest.xml:20:5-43
MERGED from [com.android.support:cardview-v7:23.3.0] AndroidManifest.xml:20:5-43
	tools:overrideLibrary
		ADDED from [com.android.support:appcompat-v7:23.4.0] AndroidManifest.xml:23:9-75
	android:targetSdkVersion
		INJECTED from src\main\AndroidManifest.xml
		INJECTED from src\main\AndroidManifest.xml
	android:minSdkVersion
		INJECTED from src\main\AndroidManifest.xml
		INJECTED from src\main\AndroidManifest.xml